<?xml version="1.0" encoding="UTF-8"?>
<!-- Generated by org.testng.reporters.JUnitXMLReporter -->
<testsuite ignored="0" hostname="NSL-6533" failures="0" tests="7" name="Default test" time="26.617" errors="0" timestamp="2022-07-15T14:36:19 IST">
  <testcase classname="base.TestScript2" name="TC_037" time="8.673"/>
  <testcase classname="base.TestScript2" name="TC_038" time="1.709"/>
  <testcase classname="base.TestScript2" name="TC_039" time="0.336"/>
  <testcase classname="base.TestScript2" name="TC_040" time="0.098"/>
  <testcase classname="base.TestScript2" name="TC_042" time="1.42"/>
  <testcase classname="base.TestScript2" name="TC_043" time="1.682"/>
  <testcase classname="base.TestScript2" name="TC_044" time="0.067"/>
</testsuite> <!-- Default test -->
