<?xml version="1.0" encoding="UTF-8"?>
<!-- Generated by org.testng.reporters.JUnitXMLReporter -->
<testsuite ignored="0" hostname="NSL-6578" failures="3" tests="5" name="Test2" time="23.456" errors="0" timestamp="2022-06-15T16:10:17 IST">
  <testcase classname="base.TestSctript" name="searching_products" time="0.917"/>
  <testcase classname="base.TestSctript" name="searching_products" time="0.569">
    <failure type="java.lang.AssertionError" message="expected [Online Shopping Site for Fashion, Electronics, Home &amp;amp; More | Meesho] but found [Buy Watches Online at best prices at Meesho]">
      <![CDATA[java.lang.AssertionError: expected [Online Shopping Site for Fashion, Electronics, Home & More | Meesho] but found [Buy Watches Online at best prices at Meesho]
at pages.Common.assertTitle(Common.java:42)
at base.TestSctript.searching_products(TestSctript.java:20)
at java.base/java.util.ArrayList.forEach(ArrayList.java:1511)
... Removed 31 stack frames]]>
    </failure>
  </testcase> <!-- searching_products -->
  <testcase classname="base.TestSctript" name="searching_products" time="0.231">
    <failure type="java.lang.AssertionError" message="expected [Online Shopping Site for Fashion, Electronics, Home &amp;amp; More | Meesho] but found [Buy Watches Online at best prices at Meesho]">
      <![CDATA[java.lang.AssertionError: expected [Online Shopping Site for Fashion, Electronics, Home & More | Meesho] but found [Buy Watches Online at best prices at Meesho]
at pages.Common.assertTitle(Common.java:42)
at base.TestSctript.searching_products(TestSctript.java:20)
at java.base/java.util.ArrayList.forEach(ArrayList.java:1511)
... Removed 31 stack frames]]>
    </failure>
  </testcase> <!-- searching_products -->
  <testcase classname="base.TestSctript" name="searching_products" time="0.048">
    <failure type="java.lang.AssertionError" message="expected [Online Shopping Site for Fashion, Electronics, Home &amp;amp; More | Meesho] but found [Buy Watches Online at best prices at Meesho]">
      <![CDATA[java.lang.AssertionError: expected [Online Shopping Site for Fashion, Electronics, Home & More | Meesho] but found [Buy Watches Online at best prices at Meesho]
at pages.Common.assertTitle(Common.java:42)
at base.TestSctript.searching_products(TestSctript.java:20)
at java.base/java.util.ArrayList.forEach(ArrayList.java:1511)
... Removed 31 stack frames]]>
    </failure>
  </testcase> <!-- searching_products -->
  <testcase classname="base.TestSctript" name="Homepage" time="13.74"/>
</testsuite> <!-- Test2 -->
