<?xml version="1.0" encoding="UTF-8"?>
<testng-results ignored="0" total="7" passed="7" failed="0" skipped="0">
  <reporter-output>
  </reporter-output>
  <suite started-at="2022-07-15T14:35:53 IST" name="Default suite" finished-at="2022-07-15T14:36:19 IST" duration-ms="26617">
    <groups>
    </groups>
    <test started-at="2022-07-15T14:35:53 IST" name="Default test" finished-at="2022-07-15T14:36:19 IST" duration-ms="26617">
      <class name="base.TestScript2">
        <test-method is-config="true" signature="beforeClass()[pri:0, instance:base.TestScript2@2fb68ec6]" started-at="2022-07-15T14:35:53 IST" name="beforeClass" finished-at="2022-07-15T14:36:04 IST" duration-ms="10877" status="PASS">
          <reporter-output>
          </reporter-output>
        </test-method> <!-- beforeClass -->
        <test-method signature="TC_037()[pri:1, instance:base.TestScript2@2fb68ec6]" started-at="2022-07-15T14:36:04 IST" name="TC_037" finished-at="2022-07-15T14:36:13 IST" duration-ms="8673" status="PASS">
          <reporter-output>
          </reporter-output>
        </test-method> <!-- TC_037 -->
        <test-method is-config="true" signature="afterMethod(org.testng.ITestResult)[pri:0, instance:base.TestScript2@2fb68ec6]" started-at="2022-07-15T14:36:13 IST" name="afterMethod" finished-at="2022-07-15T14:36:13 IST" duration-ms="5" status="PASS">
          <params>
            <param index="0">
              <value>
                <![CDATA[[TestResult name=TC_037 status=SUCCESS method=TestScript2.TC_037()[pri:1, instance:base.TestScript2@2fb68ec6] output={null}]]]>
              </value>
            </param>
          </params>
          <reporter-output>
          </reporter-output>
        </test-method> <!-- afterMethod -->
        <test-method signature="TC_038()[pri:2, instance:base.TestScript2@2fb68ec6]" started-at="2022-07-15T14:36:13 IST" name="TC_038" finished-at="2022-07-15T14:36:14 IST" duration-ms="1709" status="PASS">
          <reporter-output>
          </reporter-output>
        </test-method> <!-- TC_038 -->
        <test-method is-config="true" signature="afterMethod(org.testng.ITestResult)[pri:0, instance:base.TestScript2@2fb68ec6]" started-at="2022-07-15T14:36:14 IST" name="afterMethod" finished-at="2022-07-15T14:36:14 IST" duration-ms="0" status="PASS">
          <params>
            <param index="0">
              <value>
                <![CDATA[[TestResult name=TC_038 status=SUCCESS method=TestScript2.TC_038()[pri:2, instance:base.TestScript2@2fb68ec6] output={null}]]]>
              </value>
            </param>
          </params>
          <reporter-output>
          </reporter-output>
        </test-method> <!-- afterMethod -->
        <test-method signature="TC_039()[pri:3, instance:base.TestScript2@2fb68ec6]" started-at="2022-07-15T14:36:14 IST" name="TC_039" finished-at="2022-07-15T14:36:15 IST" duration-ms="336" status="PASS">
          <reporter-output>
          </reporter-output>
        </test-method> <!-- TC_039 -->
        <test-method is-config="true" signature="afterMethod(org.testng.ITestResult)[pri:0, instance:base.TestScript2@2fb68ec6]" started-at="2022-07-15T14:36:15 IST" name="afterMethod" finished-at="2022-07-15T14:36:15 IST" duration-ms="0" status="PASS">
          <params>
            <param index="0">
              <value>
                <![CDATA[[TestResult name=TC_039 status=SUCCESS method=TestScript2.TC_039()[pri:3, instance:base.TestScript2@2fb68ec6] output={null}]]]>
              </value>
            </param>
          </params>
          <reporter-output>
          </reporter-output>
        </test-method> <!-- afterMethod -->
        <test-method signature="TC_040()[pri:4, instance:base.TestScript2@2fb68ec6]" started-at="2022-07-15T14:36:15 IST" name="TC_040" finished-at="2022-07-15T14:36:15 IST" duration-ms="98" status="PASS">
          <reporter-output>
          </reporter-output>
        </test-method> <!-- TC_040 -->
        <test-method is-config="true" signature="afterMethod(org.testng.ITestResult)[pri:0, instance:base.TestScript2@2fb68ec6]" started-at="2022-07-15T14:36:15 IST" name="afterMethod" finished-at="2022-07-15T14:36:15 IST" duration-ms="1" status="PASS">
          <params>
            <param index="0">
              <value>
                <![CDATA[[TestResult name=TC_040 status=SUCCESS method=TestScript2.TC_040()[pri:4, instance:base.TestScript2@2fb68ec6] output={null}]]]>
              </value>
            </param>
          </params>
          <reporter-output>
          </reporter-output>
        </test-method> <!-- afterMethod -->
        <test-method signature="TC_042()[pri:5, instance:base.TestScript2@2fb68ec6]" started-at="2022-07-15T14:36:15 IST" name="TC_042" finished-at="2022-07-15T14:36:16 IST" duration-ms="1420" status="PASS">
          <reporter-output>
          </reporter-output>
        </test-method> <!-- TC_042 -->
        <test-method is-config="true" signature="afterMethod(org.testng.ITestResult)[pri:0, instance:base.TestScript2@2fb68ec6]" started-at="2022-07-15T14:36:16 IST" name="afterMethod" finished-at="2022-07-15T14:36:16 IST" duration-ms="1" status="PASS">
          <params>
            <param index="0">
              <value>
                <![CDATA[[TestResult name=TC_042 status=SUCCESS method=TestScript2.TC_042()[pri:5, instance:base.TestScript2@2fb68ec6] output={null}]]]>
              </value>
            </param>
          </params>
          <reporter-output>
          </reporter-output>
        </test-method> <!-- afterMethod -->
        <test-method signature="TC_043()[pri:6, instance:base.TestScript2@2fb68ec6]" started-at="2022-07-15T14:36:16 IST" name="TC_043" finished-at="2022-07-15T14:36:18 IST" duration-ms="1682" status="PASS">
          <reporter-output>
          </reporter-output>
        </test-method> <!-- TC_043 -->
        <test-method is-config="true" signature="afterMethod(org.testng.ITestResult)[pri:0, instance:base.TestScript2@2fb68ec6]" started-at="2022-07-15T14:36:18 IST" name="afterMethod" finished-at="2022-07-15T14:36:18 IST" duration-ms="1" status="PASS">
          <params>
            <param index="0">
              <value>
                <![CDATA[[TestResult name=TC_043 status=SUCCESS method=TestScript2.TC_043()[pri:6, instance:base.TestScript2@2fb68ec6] output={null}]]]>
              </value>
            </param>
          </params>
          <reporter-output>
          </reporter-output>
        </test-method> <!-- afterMethod -->
        <test-method signature="TC_044()[pri:7, instance:base.TestScript2@2fb68ec6]" started-at="2022-07-15T14:36:18 IST" name="TC_044" finished-at="2022-07-15T14:36:18 IST" duration-ms="67" status="PASS">
          <reporter-output>
          </reporter-output>
        </test-method> <!-- TC_044 -->
        <test-method is-config="true" signature="afterMethod(org.testng.ITestResult)[pri:0, instance:base.TestScript2@2fb68ec6]" started-at="2022-07-15T14:36:18 IST" name="afterMethod" finished-at="2022-07-15T14:36:18 IST" duration-ms="2" status="PASS">
          <params>
            <param index="0">
              <value>
                <![CDATA[[TestResult name=TC_044 status=SUCCESS method=TestScript2.TC_044()[pri:7, instance:base.TestScript2@2fb68ec6] output={null}]]]>
              </value>
            </param>
          </params>
          <reporter-output>
          </reporter-output>
        </test-method> <!-- afterMethod -->
        <test-method is-config="true" signature="afterClass()[pri:0, instance:base.TestScript2@2fb68ec6]" started-at="2022-07-15T14:36:18 IST" name="afterClass" finished-at="2022-07-15T14:36:19 IST" duration-ms="1068" status="PASS">
          <reporter-output>
          </reporter-output>
        </test-method> <!-- afterClass -->
        <test-method is-config="true" signature="afterTest()[pri:0, instance:base.TestScript2@2fb68ec6]" started-at="2022-07-15T14:36:19 IST" name="afterTest" finished-at="2022-07-15T14:36:19 IST" duration-ms="475" status="PASS">
          <reporter-output>
          </reporter-output>
        </test-method> <!-- afterTest -->
      </class> <!-- base.TestScript2 -->
    </test> <!-- Default test -->
  </suite> <!-- Default suite -->
</testng-results>
